<?xml version="1.0" encoding="UTF-8"?>
<testng-results ignored="0" total="3" passed="3" failed="0" skipped="0">
  <reporter-output>
  </reporter-output>
  <suite started-at="2022-06-19T22:13:31 EDT" name="Default suite" finished-at="2022-06-19T22:13:32 EDT" duration-ms="1142">
    <groups>
      <group name="cucumber">
        <method signature="AbstractTestNGCucumberTests.runScenario(io.cucumber.testng.PickleWrapper,io.cucumber.testng.FeatureWrapper)[pri:0, instance:runner.cukesRunner@5a56cdac]" name="runScenario" class="io.cucumber.testng.AbstractTestNGCucumberTests"/>
      </group> <!-- cucumber -->
    </groups>
    <test started-at="2022-06-19T22:13:31 EDT" name="Default test" finished-at="2022-06-19T22:13:32 EDT" duration-ms="1142">
      <class name="runner.cukesRunner">
        <test-method is-config="true" signature="setUpClass(org.testng.ITestContext)[pri:0, instance:runner.cukesRunner@5a56cdac]" started-at="2022-06-19T22:13:31 EDT" name="setUpClass" finished-at="2022-06-19T22:13:32 EDT" duration-ms="675" status="PASS">
          <params>
            <param index="0">
              <value>
                <![CDATA[org.testng.TestRunner@5b56b654]]>
              </value>
            </param>
          </params>
          <reporter-output>
          </reporter-output>
        </test-method> <!-- setUpClass -->
        <test-method signature="runScenario(io.cucumber.testng.PickleWrapper,io.cucumber.testng.FeatureWrapper)[pri:0, instance:runner.cukesRunner@5a56cdac]" started-at="2022-06-19T22:13:32 EDT" name="runScenario" description="Runs Cucumber Scenarios" data-provider="scenarios" finished-at="2022-06-19T22:13:32 EDT" duration-ms="106" status="PASS">
          <params>
            <param index="0">
              <value>
                <![CDATA["Navigate to Home Page and check all services are visible in 4 categories. Each category have list of services in there"]]>
              </value>
            </param>
            <param index="1">
              <value>
                <![CDATA["Optional[AllServicesShowOnWebsite]"]]>
              </value>
            </param>
          </params>
          <reporter-output>
          </reporter-output>
        </test-method> <!-- runScenario -->
        <test-method signature="runScenario(io.cucumber.testng.PickleWrapper,io.cucumber.testng.FeatureWrapper)[pri:0, instance:runner.cukesRunner@5a56cdac]" started-at="2022-06-19T22:13:32 EDT" name="runScenario" description="Runs Cucumber Scenarios" data-provider="scenarios" finished-at="2022-06-19T22:13:32 EDT" duration-ms="28" status="PASS">
          <params>
            <param index="0">
              <value>
                <![CDATA["Navigate to Home Page and check all services are clickable and verify with the page header"]]>
              </value>
            </param>
            <param index="1">
              <value>
                <![CDATA["Optional[AllServicesShowOnWebsite]"]]>
              </value>
            </param>
          </params>
          <reporter-output>
          </reporter-output>
        </test-method> <!-- runScenario -->
        <test-method signature="runScenario(io.cucumber.testng.PickleWrapper,io.cucumber.testng.FeatureWrapper)[pri:0, instance:runner.cukesRunner@5a56cdac]" started-at="2022-06-19T22:13:32 EDT" name="runScenario" description="Runs Cucumber Scenarios" data-provider="scenarios" finished-at="2022-06-19T22:13:32 EDT" duration-ms="19" status="PASS">
          <params>
            <param index="0">
              <value>
                <![CDATA["On the top of menu button clicks on services then each categories of service are clickable, after clicked verify all services in that category are visible"]]>
              </value>
            </param>
            <param index="1">
              <value>
                <![CDATA["Optional[AllServicesShowOnWebsite]"]]>
              </value>
            </param>
          </params>
          <reporter-output>
          </reporter-output>
        </test-method> <!-- runScenario -->
        <test-method is-config="true" signature="tearDownClass()[pri:0, instance:runner.cukesRunner@5a56cdac]" started-at="2022-06-19T22:13:32 EDT" name="tearDownClass" finished-at="2022-06-19T22:13:32 EDT" duration-ms="259" status="PASS">
          <reporter-output>
          </reporter-output>
        </test-method> <!-- tearDownClass -->
      </class> <!-- runner.cukesRunner -->
    </test> <!-- Default test -->
  </suite> <!-- Default suite -->
</testng-results>
